<?xml version="1.0" encoding="UTF-8"?>
<testng-results ignored="0" total="1" passed="1" failed="0" skipped="0">
  <reporter-output>
  </reporter-output>
  <suite started-at="2022-03-23T02:51:51 EDT" name="Default suite" finished-at="2022-03-23T02:52:19 EDT" duration-ms="27726">
    <groups>
    </groups>
    <test started-at="2022-03-23T02:51:51 EDT" name="Default test" finished-at="2022-03-23T02:52:19 EDT" duration-ms="27726">
      <class name="seliniumMethod.B_use_of_get_method_firefoxDriver">
        <test-method is-config="true" signature="setUp()[pri:0, instance:seliniumMethod.B_use_of_get_method_firefoxDriver@52af26ee]" started-at="2022-03-23T02:51:51 EDT" name="setUp" finished-at="2022-03-23T02:52:13 EDT" duration-ms="21211" status="PASS">
          <reporter-output>
          </reporter-output>
        </test-method> <!-- setUp -->
        <test-method signature="loginButtonTest()[pri:0, instance:seliniumMethod.B_use_of_get_method_firefoxDriver@52af26ee]" started-at="2022-03-23T02:52:13 EDT" name="loginButtonTest" finished-at="2022-03-23T02:52:13 EDT" duration-ms="598" status="PASS">
          <reporter-output>
          </reporter-output>
        </test-method> <!-- loginButtonTest -->
        <test-method is-config="true" signature="tearUp()[pri:0, instance:seliniumMethod.B_use_of_get_method_firefoxDriver@52af26ee]" started-at="2022-03-23T02:52:13 EDT" name="tearUp" finished-at="2022-03-23T02:52:19 EDT" duration-ms="5845" status="PASS">
          <reporter-output>
          </reporter-output>
        </test-method> <!-- tearUp -->
      </class> <!-- seliniumMethod.B_use_of_get_method_firefoxDriver -->
    </test> <!-- Default test -->
  </suite> <!-- Default suite -->
</testng-results>
